TN:
SF:C:/doc/dev/javascript-me/my-app/src/agents/agent-list.js
FN:6,AgentList
FN:45,(anonymous_11)
FNF:2
FNH:2
FNDA:1,AgentList
FNDA:2,(anonymous_11)
DA:1,1
DA:2,1
DA:6,3
DA:9,1
DA:15,1
DA:37,1
DA:43,2
DA:46,2
LF:8
LH:8
BRDA:6,0,0,1
BRDA:6,0,1,0
BRF:2
BRH:1
end_of_record
TN:
SF:C:/doc/dev/javascript-me/my-app/src/agents/agent-list.spec.js
FN:6,(anonymous_1)
FN:7,(anonymous_2)
FNF:2
FNH:2
FNDA:1,(anonymous_1)
FNDA:1,(anonymous_2)
DA:1,1
DA:2,1
DA:3,1
DA:4,1
DA:6,1
DA:7,1
DA:8,1
DA:9,1
LF:8
LH:8
BRF:0
BRH:0
end_of_record
TN:
SF:C:/doc/dev/javascript-me/my-app/src/agents/agent.js
FN:8,Agent
FN:21,(anonymous_10)
FNF:2
FNH:2
FNDA:4,Agent
FNDA:5,(anonymous_10)
DA:1,1
DA:2,1
DA:3,1
DA:4,1
DA:8,12
DA:11,4
DA:12,4
DA:14,4
DA:20,2
DA:21,2
DA:22,5
DA:24,2
DA:30,2
DA:31,2
DA:32,2
DA:38,8
DA:45,8
LF:17
LH:17
BRDA:8,0,0,4
BRDA:8,0,1,0
BRF:2
BRH:1
end_of_record
TN:
SF:C:/doc/dev/javascript-me/my-app/src/agents/agent.spec.js
FN:6,(anonymous_1)
FN:10,(anonymous_2)
FN:19,(anonymous_3)
FN:27,(anonymous_4)
FNF:4
FNH:4
FNDA:1,(anonymous_1)
FNDA:2,(anonymous_2)
FNDA:1,(anonymous_3)
FNDA:1,(anonymous_4)
DA:1,1
DA:2,1
DA:3,1
DA:4,1
DA:6,1
DA:8,1
DA:10,1
DA:11,2
DA:16,2
DA:19,1
DA:20,1
DA:21,1
DA:22,1
DA:23,1
DA:24,1
DA:27,1
DA:28,1
DA:29,1
DA:30,1
DA:31,1
DA:32,1
LF:21
LH:21
BRF:0
BRH:0
end_of_record
TN:
SF:C:/doc/dev/javascript-me/my-app/src/agents/resource-adding-panel.js
FN:6,ResourceAddingPanel
FNF:1
FNH:1
FNDA:8,ResourceAddingPanel
DA:1,1
DA:2,1
DA:6,24
DA:9,8
DA:10,8
DA:11,8
DA:12,8
DA:13,8
DA:15,8
DA:22,8
DA:23,7
DA:24,5
DA:25,3
DA:29,0
DA:30,0
DA:31,0
DA:32,0
DA:36,2
DA:42,2
DA:43,2
DA:44,2
DA:45,2
DA:48,2
DA:52,0
DA:55,0
DA:59,0
DA:62,0
DA:66,19
LF:28
LH:20
BRDA:6,0,0,8
BRDA:6,0,1,0
BRDA:31,1,0,0
BRDA:31,1,1,0
BRDA:43,2,0,0
BRDA:43,2,1,2
BRDA:73,3,0,3
BRDA:73,3,1,16
BRDA:22,4,0,1
BRDA:22,4,1,7
BRDA:23,5,0,2
BRDA:23,5,1,5
BRDA:24,6,0,2
BRDA:24,6,1,3
BRF:14
BRH:10
end_of_record
TN:
SF:C:/doc/dev/javascript-me/my-app/src/agents/resource-adding-panel.spec.js
FN:6,(anonymous_1)
FN:8,(anonymous_2)
FN:10,updateResources
FN:27,(anonymous_4)
FN:37,(anonymous_5)
FN:56,(anonymous_6)
FN:58,updateResources
FN:69,(anonymous_8)
FNF:8
FNH:8
FNDA:1,(anonymous_1)
FNDA:1,(anonymous_2)
FNDA:1,updateResources
FNDA:1,(anonymous_4)
FNDA:1,(anonymous_5)
FNDA:1,(anonymous_6)
FNDA:1,updateResources
FNDA:1,(anonymous_8)
DA:1,1
DA:2,1
DA:3,1
DA:4,1
DA:6,1
DA:8,1
DA:9,1
DA:15,1
DA:20,1
DA:21,1
DA:23,1
DA:24,1
DA:27,1
DA:28,1
DA:29,1
DA:30,1
DA:31,1
DA:34,1
DA:37,1
DA:38,1
DA:39,1
DA:40,1
DA:41,1
DA:43,1
DA:47,1
DA:49,1
DA:53,1
DA:56,1
DA:57,1
DA:62,1
DA:65,1
DA:66,1
DA:69,1
DA:70,1
DA:71,1
DA:76,1
DA:77,1
DA:78,1
DA:79,1
DA:80,1
LF:40
LH:40
BRF:0
BRH:0
end_of_record
TN:
SF:C:/doc/dev/javascript-me/my-app/src/agents/resource-list.js
FN:12,(anonymous_11)
FN:15,onClick
FNF:2
FNH:2
FNDA:26,(anonymous_11)
FNDA:1,onClick
DA:1,1
DA:6,1
DA:9,9
DA:10,9
DA:13,26
DA:15,1
LF:6
LH:6
BRF:0
BRH:0
end_of_record
TN:
SF:C:/doc/dev/javascript-me/my-app/src/agents/resource-list.spec.js
FN:6,(anonymous_1)
FN:8,(anonymous_2)
FN:16,onDelete
FNF:3
FNH:3
FNDA:1,(anonymous_1)
FNDA:1,(anonymous_2)
FNDA:1,onDelete
DA:1,1
DA:2,1
DA:3,1
DA:4,1
DA:6,1
DA:8,1
DA:10,1
DA:16,1
DA:17,1
DA:20,1
DA:21,1
DA:23,1
LF:12
LH:12
BRF:0
BRH:0
end_of_record
