TN:
SF:C:/doc/dev/javascript-me/my-app/src/agents/agent-list.js
FN:6,AgentList
FN:39,(anonymous_10)
FNF:2
FNH:2
FNDA:1,AgentList
FNDA:2,(anonymous_10)
DA:1,1
DA:2,1
DA:6,3
DA:9,1
DA:37,1
DA:40,2
LF:6
LH:6
BRDA:6,0,0,1
BRDA:6,0,1,0
BRF:2
BRH:1
end_of_record
TN:
SF:C:/doc/dev/javascript-me/my-app/src/agents/agent-list.spec.js
FN:6,(anonymous_1)
FN:7,(anonymous_2)
FNF:2
FNH:2
FNDA:1,(anonymous_1)
FNDA:1,(anonymous_2)
DA:1,1
DA:2,1
DA:3,1
DA:4,1
DA:6,1
DA:7,1
DA:8,1
DA:9,1
LF:8
LH:8
BRF:0
BRH:0
end_of_record
TN:
SF:C:/doc/dev/javascript-me/my-app/src/agents/agent.js
FN:8,Agent
FN:49,(anonymous_13)
FNF:2
FNH:1
FNDA:6,Agent
FNDA:0,(anonymous_13)
DA:1,1
DA:2,1
DA:3,1
DA:4,1
DA:8,18
DA:11,6
DA:12,6
DA:13,6
DA:14,6
DA:16,6
DA:23,1
DA:29,1
DA:35,1
DA:37,1
DA:39,1
DA:41,1
DA:48,0
DA:49,0
DA:50,0
DA:52,0
DA:58,11
DA:65,11
LF:22
LH:18
BRDA:8,0,0,6
BRDA:8,0,1,0
BRDA:37,1,0,0
BRDA:37,1,1,1
BRDA:82,2,0,3
BRDA:82,2,1,8
BRF:6
BRH:4
end_of_record
TN:
SF:C:/doc/dev/javascript-me/my-app/src/agents/agent.spec.js
FN:6,(anonymous_1)
FN:10,(anonymous_2)
FN:19,(anonymous_3)
FN:31,(anonymous_4)
FN:37,(anonymous_5)
FN:46,(anonymous_6)
FNF:6
FNH:6
FNDA:1,(anonymous_1)
FNDA:4,(anonymous_2)
FNDA:1,(anonymous_3)
FNDA:1,(anonymous_4)
FNDA:1,(anonymous_5)
FNDA:1,(anonymous_6)
DA:1,1
DA:2,1
DA:3,1
DA:4,1
DA:6,1
DA:8,1
DA:10,1
DA:11,4
DA:16,4
DA:19,1
DA:20,1
DA:21,1
DA:23,1
DA:27,1
DA:28,1
DA:31,1
DA:32,1
DA:33,1
DA:34,1
DA:37,1
DA:38,1
DA:41,1
DA:42,1
DA:43,1
DA:46,1
DA:47,1
DA:48,1
DA:49,1
LF:28
LH:28
BRF:0
BRH:0
end_of_record
TN:
SF:C:/doc/dev/javascript-me/my-app/src/agents/resource-adding-panel.js
FN:5,ResourceAddingPanel
FNF:1
FNH:1
FNDA:4,ResourceAddingPanel
DA:1,1
DA:5,12
DA:8,4
DA:9,4
DA:11,4
DA:17,0
DA:23,1
DA:27,5
LF:8
LH:7
BRDA:5,0,0,4
BRDA:5,0,1,0
BRF:2
BRH:1
end_of_record
TN:
SF:C:/doc/dev/javascript-me/my-app/src/agents/resource-adding-panel.spec.js
FN:6,(anonymous_1)
FN:7,(anonymous_2)
FN:9,onClose
FN:12,onAddedResources
FNF:4
FNH:4
FNDA:1,(anonymous_1)
FNDA:1,(anonymous_2)
FNDA:1,onClose
FNDA:1,onAddedResources
DA:1,1
DA:2,1
DA:3,1
DA:4,1
DA:6,1
DA:7,1
DA:8,1
DA:10,1
DA:13,1
DA:16,1
DA:20,1
DA:21,1
DA:23,1
DA:24,1
LF:14
LH:14
BRF:0
BRH:0
end_of_record
TN:
SF:C:/doc/dev/javascript-me/my-app/src/agents/resource-list.js
FN:5,ResourceList
FN:16,(anonymous_11)
FN:19,onClick
FNF:3
FNH:3
FNDA:7,ResourceList
FNDA:35,(anonymous_11)
FNDA:1,onClick
DA:1,1
DA:5,14
DA:10,1
DA:13,12
DA:14,12
DA:17,35
DA:19,1
LF:7
LH:7
BRDA:5,0,0,7
BRDA:5,0,1,0
BRF:2
BRH:1
end_of_record
TN:
SF:C:/doc/dev/javascript-me/my-app/src/agents/resource-list.spec.js
FN:6,(anonymous_1)
FN:8,(anonymous_2)
FN:16,onDelete
FNF:3
FNH:3
FNDA:1,(anonymous_1)
FNDA:1,(anonymous_2)
FNDA:1,onDelete
DA:1,1
DA:2,1
DA:3,1
DA:4,1
DA:6,1
DA:8,1
DA:10,1
DA:16,1
DA:17,1
DA:20,1
DA:21,1
DA:23,1
LF:12
LH:12
BRF:0
BRH:0
end_of_record
